[2025-08-20 13:19:06] [DEBUG] [req_45233] GET /static/css/style.css HTTP/1.1 404 0.012
[2025-08-20 13:19:06] [WARN] [req_21249] GET /static/css/style.css HTTP/1.1 404 0.012
[2025-08-20 13:19:07] [ERROR] [req_9437] GET /static/css/style.css HTTP/1.1 404 0.012
[2025-08-20 13:19:07] [INFO] [req_23965] POST /api/login HTTP/1.1 401 0.056
[2025-08-20 13:19:07] [DEBUG] [req_99520] POST /api/login HTTP/1.1 401 0.056
[2025-08-20 13:19:07] [INFO] [req_13375] GET /static/css/style.css HTTP/1.1 404 0.012
[2025-08-20 13:19:07] [WARN] [req_41929] POST /api/login HTTP/1.1 401 0.056
[2025-08-20 13:19:07] [ERROR] [req_9474] POST /api/orders HTTP/1.1 500 1.234
[2025-08-20 13:19:07] [WARN] [req_8871] POST /api/login HTTP/1.1 401 0.056
[2025-08-20 13:19:07] [INFO] [req_67804] GET /static/css/style.css HTTP/1.1 404 0.012
[2025-08-20 13:19:07] [DEBUG] [req_48289] GET /api/users HTTP/1.1 200 0.123
[2025-08-20 13:19:07] [INFO] [req_29473] PUT /api/users/123 HTTP/1.1 200 0.445
[2025-08-20 13:19:08] [WARN] [req_36372] GET /static/css/style.css HTTP/1.1 404 0.012
[2025-08-20 13:19:08] [WARN] [req_69293] POST /api/login HTTP/1.1 401 0.056
[2025-08-20 13:19:08] [DEBUG] [req_20519] POST /api/login HTTP/1.1 401 0.056
[2025-08-20 13:19:08] [DEBUG] [req_99244] GET /static/css/style.css HTTP/1.1 404 0.012
[2025-08-20 13:19:08] [INFO] [req_46391] POST /api/login HTTP/1.1 401 0.056
[2025-08-20 13:19:08] [INFO] [req_18187] POST /api/orders HTTP/1.1 500 1.234
[2025-08-20 13:19:08] [DEBUG] [req_27905] GET /health HTTP/1.1 200 0.001
[2025-08-20 13:19:08] [DEBUG] [req_64720] PUT /api/users/123 HTTP/1.1 200 0.445
[2025-08-20 13:19:08] [INFO] [req_88785] POST /api/login HTTP/1.1 401 0.056
[2025-08-20 13:19:08] [WARN] [req_74498] POST /api/login HTTP/1.1 401 0.056
[2025-08-20 13:19:09] [ERROR] [req_2877] GET /health HTTP/1.1 200 0.001
[2025-08-20 13:19:09] [ERROR] [req_99600] GET /api/users HTTP/1.1 200 0.123
[2025-08-20 13:19:09] [ERROR] [req_67406] PUT /api/users/123 HTTP/1.1 200 0.445
[2025-08-20 13:19:09] [ERROR] [req_86344] POST /api/login HTTP/1.1 401 0.056
[2025-08-20 13:19:09] [WARN] [req_12801] GET /api/users HTTP/1.1 200 0.123
[2025-08-20 13:19:09] [WARN] [req_14054] POST /api/orders HTTP/1.1 500 1.234
[2025-08-20 13:19:09] [INFO] [req_63666] POST /api/login HTTP/1.1 401 0.056
[2025-08-20 13:19:09] [INFO] [req_33924] GET /api/users HTTP/1.1 200 0.123
[2025-08-20 13:19:09] [WARN] [req_25300] PUT /api/users/123 HTTP/1.1 200 0.445
[2025-08-20 13:19:09] [INFO] [req_49831] PUT /api/users/123 HTTP/1.1 200 0.445
[2025-08-20 13:19:10] [INFO] [req_82096] POST /api/orders HTTP/1.1 500 1.234
[2025-08-20 13:19:10] [ERROR] [req_85495] POST /api/login HTTP/1.1 401 0.056
[2025-08-20 13:19:10] [INFO] [req_6956] POST /api/login HTTP/1.1 401 0.056
[2025-08-20 13:19:10] [ERROR] [req_28486] GET /api/users HTTP/1.1 200 0.123
[2025-08-20 13:19:10] [INFO] [req_97644] POST /api/orders HTTP/1.1 500 1.234
[2025-08-20 13:19:10] [DEBUG] [req_15435] POST /api/orders HTTP/1.1 500 1.234
[2025-08-20 13:19:10] [DEBUG] [req_70149] GET /static/css/style.css HTTP/1.1 404 0.012
[2025-08-20 13:19:10] [DEBUG] [req_82235] GET /health HTTP/1.1 200 0.001
[2025-08-20 13:19:10] [INFO] [req_69102] GET /static/css/style.css HTTP/1.1 404 0.012
[2025-08-20 13:19:10] [INFO] [req_41322] POST /api/orders HTTP/1.1 500 1.234
[2025-08-20 13:19:11] [INFO] [req_37573] POST /api/login HTTP/1.1 401 0.056
[2025-08-20 13:19:11] [INFO] [req_82638] POST /api/orders HTTP/1.1 500 1.234
[2025-08-20 13:19:11] [WARN] [req_24622] GET /api/users HTTP/1.1 200 0.123
[2025-08-20 13:19:11] [DEBUG] [req_43821] GET /health HTTP/1.1 200 0.001
[2025-08-20 13:19:11] [DEBUG] [req_95043] PUT /api/users/123 HTTP/1.1 200 0.445
[2025-08-20 13:19:11] [ERROR] [req_75491] GET /api/users HTTP/1.1 200 0.123
[2025-08-20 13:19:11] [DEBUG] [req_93395] GET /static/css/style.css HTTP/1.1 404 0.012
[2025-08-20 13:19:11] [WARN] [req_14326] PUT /api/users/123 HTTP/1.1 200 0.445
